Performing C++ SOURCE FILE Test _fbracket_depth_4096 failed with the following output:
Change Dir: /home/ubuntu/Desktop/LA32R-Simulation-Framework/build/CMakeFiles/CMakeTmp

Run Build Command(s):/usr/bin/gmake -f Makefile cmTC_7e513/fast && /usr/bin/gmake  -f CMakeFiles/cmTC_7e513.dir/build.make CMakeFiles/cmTC_7e513.dir/build
gmake[1]: Entering directory '/home/ubuntu/Desktop/LA32R-Simulation-Framework/build/CMakeFiles/CMakeTmp'
Building CXX object CMakeFiles/cmTC_7e513.dir/src.cxx.o
/usr/bin/c++ -D_fbracket_depth_4096  -fbracket-depth=4096 -o CMakeFiles/cmTC_7e513.dir/src.cxx.o -c /home/ubuntu/Desktop/LA32R-Simulation-Framework/build/CMakeFiles/CMakeTmp/src.cxx
c++: error: unrecognized command-line option '-fbracket-depth=4096'
gmake[1]: *** [CMakeFiles/cmTC_7e513.dir/build.make:78: CMakeFiles/cmTC_7e513.dir/src.cxx.o] Error 1
gmake[1]: Leaving directory '/home/ubuntu/Desktop/LA32R-Simulation-Framework/build/CMakeFiles/CMakeTmp'
gmake: *** [Makefile:127: cmTC_7e513/fast] Error 2


Source file was:
int main() { return 0; }
Performing C++ SOURCE FILE Test _mno_cet failed with the following output:
Change Dir: /home/ubuntu/Desktop/LA32R-Simulation-Framework/build/CMakeFiles/CMakeTmp

Run Build Command(s):/usr/bin/gmake -f Makefile cmTC_5ca16/fast && /usr/bin/gmake  -f CMakeFiles/cmTC_5ca16.dir/build.make CMakeFiles/cmTC_5ca16.dir/build
gmake[1]: Entering directory '/home/ubuntu/Desktop/LA32R-Simulation-Framework/build/CMakeFiles/CMakeTmp'
Building CXX object CMakeFiles/cmTC_5ca16.dir/src.cxx.o
/usr/bin/c++ -D_mno_cet  -mno-cet -o CMakeFiles/cmTC_5ca16.dir/src.cxx.o -c /home/ubuntu/Desktop/LA32R-Simulation-Framework/build/CMakeFiles/CMakeTmp/src.cxx
c++: error: unrecognized command-line option '-mno-cet'; did you mean '-mno-aes'?
gmake[1]: *** [CMakeFiles/cmTC_5ca16.dir/build.make:78: CMakeFiles/cmTC_5ca16.dir/src.cxx.o] Error 1
gmake[1]: Leaving directory '/home/ubuntu/Desktop/LA32R-Simulation-Framework/build/CMakeFiles/CMakeTmp'
gmake: *** [Makefile:127: cmTC_5ca16/fast] Error 2


Source file was:
int main() { return 0; }
Performing C++ SOURCE FILE Test _Qunused_arguments failed with the following output:
Change Dir: /home/ubuntu/Desktop/LA32R-Simulation-Framework/build/CMakeFiles/CMakeTmp

Run Build Command(s):/usr/bin/gmake -f Makefile cmTC_a9860/fast && /usr/bin/gmake  -f CMakeFiles/cmTC_a9860.dir/build.make CMakeFiles/cmTC_a9860.dir/build
gmake[1]: Entering directory '/home/ubuntu/Desktop/LA32R-Simulation-Framework/build/CMakeFiles/CMakeTmp'
Building CXX object CMakeFiles/cmTC_a9860.dir/src.cxx.o
/usr/bin/c++ -D_Qunused_arguments  -Qunused-arguments -o CMakeFiles/cmTC_a9860.dir/src.cxx.o -c /home/ubuntu/Desktop/LA32R-Simulation-Framework/build/CMakeFiles/CMakeTmp/src.cxx
c++: error: unrecognized command-line option '-Qunused-arguments'
gmake[1]: *** [CMakeFiles/cmTC_a9860.dir/build.make:78: CMakeFiles/cmTC_a9860.dir/src.cxx.o] Error 1
gmake[1]: Leaving directory '/home/ubuntu/Desktop/LA32R-Simulation-Framework/build/CMakeFiles/CMakeTmp'
gmake: *** [Makefile:127: cmTC_a9860/fast] Error 2


Source file was:
int main() { return 0; }
Performing C++ SOURCE FILE Test _mt failed with the following output:
Change Dir: /home/ubuntu/Desktop/LA32R-Simulation-Framework/build/CMakeFiles/CMakeTmp

Run Build Command(s):/usr/bin/gmake -f Makefile cmTC_2800b/fast && /usr/bin/gmake  -f CMakeFiles/cmTC_2800b.dir/build.make CMakeFiles/cmTC_2800b.dir/build
gmake[1]: 进入目录“/home/ubuntu/Desktop/LA32R-Simulation-Framework/build/CMakeFiles/CMakeTmp”
Building CXX object CMakeFiles/cmTC_2800b.dir/src.cxx.o
/usr/bin/c++ -D_mt   -o CMakeFiles/cmTC_2800b.dir/src.cxx.o -c /home/ubuntu/Desktop/LA32R-Simulation-Framework/build/CMakeFiles/CMakeTmp/src.cxx
Linking CXX executable cmTC_2800b
/usr/bin/cmake -E cmake_link_script CMakeFiles/cmTC_2800b.dir/link.txt --verbose=1
/usr/bin/c++ CMakeFiles/cmTC_2800b.dir/src.cxx.o -o cmTC_2800b  -mt 
c++: error: unrecognized command-line option ‘-mt’; did you mean ‘-MT’?
gmake[1]: *** [CMakeFiles/cmTC_2800b.dir/build.make:99：cmTC_2800b] 错误 1
gmake[1]: 离开目录“/home/ubuntu/Desktop/LA32R-Simulation-Framework/build/CMakeFiles/CMakeTmp”
gmake: *** [Makefile:127：cmTC_2800b/fast] 错误 2


Source file was:
int main() {return 0;}

